Using pre-set license
Built from '2020.3/release' branch; Version is '2020.3.15f2 (6cf78cb77498) revision 7141260'; Using compiler version '192528614'; Build Type 'Release'
OS: 'Windows 10 Education; OS build 18363.1801; Version 1909; 64bit' Language: 'en' Physical Memory: 16336 MB
BatchMode: 1, IsHumanControllingUs: 0, StartBugReporterOnCrash: 0, Is64bit: 1, IsPro: 0

 COMMAND LINE ARGUMENTS:
C:\Program Files\Unity\Hub\Editor\2020.3.15f2\Editor\Unity.exe
-adb2
-batchMode
-noUpm
-name
AssetImportWorker0
-projectPath
C:/Users/Optimal State/Documents/GitHub/Unity2020ByExampleCh3/Ch3_Unity2020ByExample
-logFile
Logs/AssetImportWorker0.log
-srvPort
61126
Successfully changed project path to: C:/Users/Optimal State/Documents/GitHub/Unity2020ByExampleCh3/Ch3_Unity2020ByExample
C:/Users/Optimal State/Documents/GitHub/Unity2020ByExampleCh3/Ch3_Unity2020ByExample
Using Asset Import Pipeline V2.
Refreshing native plugins compatible for Editor in 37.27 ms, found 2 plugins.
Preloading 0 native plugins for Editor in 0.00 ms.
Initialize engine version: 2020.3.15f2 (6cf78cb77498)
[Subsystems] Discovering subsystems at path C:/Program Files/Unity/Hub/Editor/2020.3.15f2/Editor/Data/Resources/UnitySubsystems
[Subsystems] Discovering subsystems at path C:/Users/Optimal State/Documents/GitHub/Unity2020ByExampleCh3/Ch3_Unity2020ByExample/Assets
GfxDevice: creating device client; threaded=0
Direct3D:
    Version:  Direct3D 11.0 [level 11.1]
    Renderer: NVIDIA GeForce GTX 1070 (ID=0x1b81)
    Vendor:   
    VRAM:     8088 MB
    Driver:   26.21.14.3648
Initialize mono
Mono path[0] = 'C:/Program Files/Unity/Hub/Editor/2020.3.15f2/Editor/Data/Managed'
Mono path[1] = 'C:/Program Files/Unity/Hub/Editor/2020.3.15f2/Editor/Data/MonoBleedingEdge/lib/mono/unityjit'
Mono config path = 'C:/Program Files/Unity/Hub/Editor/2020.3.15f2/Editor/Data/MonoBleedingEdge/etc'
Using monoOptions --debugger-agent=transport=dt_socket,embedding=1,server=y,suspend=n,address=127.0.0.1:56320
Begin MonoManager ReloadAssembly
Registering precompiled unity dll's ...
Register platform support module: C:/Program Files/Unity/Hub/Editor/2020.3.15f2/Editor/Data/PlaybackEngines/WindowsStandaloneSupport/UnityEditor.WindowsStandalone.Extensions.dll
Registered in 0.002796 seconds.
Native extension for WindowsStandalone target not found
Refreshing native plugins compatible for Editor in 35.16 ms, found 2 plugins.
Preloading 0 native plugins for Editor in 0.00 ms.
Mono: successfully reloaded assembly
- Completed reload, in  2.324 seconds
Domain Reload Profiling:
	ReloadAssembly (2325ms)
		BeginReloadAssembly (67ms)
			ExecutionOrderSort (0ms)
			DisableScriptedObjects (0ms)
			BackupInstance (0ms)
			ReleaseScriptingObjects (0ms)
			CreateAndSetChildDomain (1ms)
		EndReloadAssembly (497ms)
			LoadAssemblies (63ms)
			RebuildTransferFunctionScriptingTraits (0ms)
			SetupTypeCache (179ms)
			ReleaseScriptCaches (0ms)
			RebuildScriptCaches (35ms)
			SetupLoadedEditorAssemblies (195ms)
				LogAssemblyErrors (0ms)
				InitializePlatformSupportModulesInManaged (5ms)
				SetLoadedEditorAssemblies (0ms)
				RefreshPlugins (35ms)
				BeforeProcessingInitializeOnLoad (17ms)
				ProcessInitializeOnLoadAttributes (102ms)
				ProcessInitializeOnLoadMethodAttributes (35ms)
				AfterProcessingInitializeOnLoad (0ms)
				EditorAssembliesLoaded (0ms)
			ExecutionOrderSort2 (0ms)
			AwakeInstancesAfterBackupRestoration (0ms)
Platform modules already initialized, skipping
Registering precompiled user dll's ...
Registered in 0.006182 seconds.
Begin MonoManager ReloadAssembly
Native extension for WindowsStandalone target not found
Refreshing native plugins compatible for Editor in 0.37 ms, found 2 plugins.
Preloading 0 native plugins for Editor in 0.00 ms.
Mono: successfully reloaded assembly
- Completed reload, in  1.341 seconds
Domain Reload Profiling:
	ReloadAssembly (1342ms)
		BeginReloadAssembly (179ms)
			ExecutionOrderSort (0ms)
			DisableScriptedObjects (6ms)
			BackupInstance (0ms)
			ReleaseScriptingObjects (0ms)
			CreateAndSetChildDomain (22ms)
		EndReloadAssembly (1079ms)
			LoadAssemblies (108ms)
			RebuildTransferFunctionScriptingTraits (0ms)
			SetupTypeCache (326ms)
			ReleaseScriptCaches (0ms)
			RebuildScriptCaches (49ms)
			SetupLoadedEditorAssemblies (476ms)
				LogAssemblyErrors (0ms)
				InitializePlatformSupportModulesInManaged (6ms)
				SetLoadedEditorAssemblies (1ms)
				RefreshPlugins (0ms)
				BeforeProcessingInitializeOnLoad (108ms)
				ProcessInitializeOnLoadAttributes (345ms)
				ProcessInitializeOnLoadMethodAttributes (5ms)
				AfterProcessingInitializeOnLoad (10ms)
				EditorAssembliesLoaded (0ms)
			ExecutionOrderSort2 (0ms)
			AwakeInstancesAfterBackupRestoration (8ms)
Platform modules already initialized, skipping
========================================================================
Worker process is ready to serve import requests
Launched and connected shader compiler UnityShaderCompiler.exe after 0.06 seconds
Refreshing native plugins compatible for Editor in 0.36 ms, found 2 plugins.
Preloading 0 native plugins for Editor in 0.00 ms.
Unloading 1396 Unused Serialized files (Serialized files now loaded: 0)
System memory in use before: 65.4 MB.
System memory in use after: 65.4 MB.

Unloading 19 unused Assets to reduce memory usage. Loaded Objects now: 1829.
Total: 2.621100 ms (FindLiveObjects: 0.207200 ms CreateObjectMapping: 0.047300 ms MarkObjects: 2.266800 ms  DeleteObjects: 0.098500 ms)

AssetImportParameters requested are different than current active one (requested -> active):
  custom:framework-win-MediaFoundation: 216162199b28c13a410421893ffa2e32 -> 
  custom:video-decoder-ogg-theora: a1e56fd34408186e4bbccfd4996cb3dc -> 
  custom:container-muxer-webm: aa71ff27fc2769a1b78a27578f13a17b -> 
  custom:container-demuxer-webm: 4f35f7cbe854078d1ac9338744f61a02 -> 
  custom:container-demuxer-ogg: 62fdf1f143b41e24485cea50d1cbac27 -> 
  custom:video-encoder-webm-vp8: eb34c28f22e8b96e1ab97ce403110664 -> 
  custom:video-decoder-webm-vp8: 9c59270c3fd7afecdb556c50c9e8de78 -> 
  custom:audio-decoder-ogg-vorbis: bf7c407c2cedff20999df2af8eb42d56 -> 
  custom:audio-encoder-webm-vorbis: bf7c407c2cedff20999df2af8eb42d56 -> 
========================================================================
Received Import Request.
  path: Assets
  artifactKey: Guid(00000000000000001000000000000000) Importer(815301076,1909f56bfc062723c751e8b465ee728b)
Start importing Assets using Guid(00000000000000001000000000000000) Importer(815301076,1909f56bfc062723c751e8b465ee728b)  -> (artifact id: '42d402b061de3733987d63b9cc3b64de') in 0.012260 seconds 
  Import took 0.014794 seconds .

========================================================================
Received Import Request.
  Time since last request: 3.624289 seconds.
  path: Assets/Textures
  artifactKey: Guid(92aea6f350ad974458b7e66997bc8e56) Importer(815301076,1909f56bfc062723c751e8b465ee728b)
Start importing Assets/Textures using Guid(92aea6f350ad974458b7e66997bc8e56) Importer(815301076,1909f56bfc062723c751e8b465ee728b)  -> (artifact id: 'c69de37204f5b1f420193575a822328d') in 0.009590 seconds 
  Import took 0.012249 seconds .

========================================================================
Received Import Request.
  Time since last request: 46.307716 seconds.
  path: Assets/Materials
  artifactKey: Guid(5e8e157032e23f543bebd41829a84b11) Importer(815301076,1909f56bfc062723c751e8b465ee728b)
Start importing Assets/Materials using Guid(5e8e157032e23f543bebd41829a84b11) Importer(815301076,1909f56bfc062723c751e8b465ee728b)  -> (artifact id: 'bb5d577a3824c80e579fc115b19eec42') in 0.008266 seconds 
  Import took 0.010914 seconds .

========================================================================
Received Import Request.
  Time since last request: 7.430275 seconds.
  path: Assets/Audio
  artifactKey: Guid(bf6eb2224592de949aace3ab29aab854) Importer(815301076,1909f56bfc062723c751e8b465ee728b)
Start importing Assets/Audio using Guid(bf6eb2224592de949aace3ab29aab854) Importer(815301076,1909f56bfc062723c751e8b465ee728b)  -> (artifact id: '288981ffdcdcc7be93d95e22eeb4ac30') in 0.009071 seconds 
  Import took 0.012007 seconds .

========================================================================
Received Import Request.
  Time since last request: 6.632658 seconds.
  path: Assets/Prefabs
  artifactKey: Guid(c8c6c972bd3e8a143a15d2c16c587275) Importer(815301076,1909f56bfc062723c751e8b465ee728b)
Start importing Assets/Prefabs using Guid(c8c6c972bd3e8a143a15d2c16c587275) Importer(815301076,1909f56bfc062723c751e8b465ee728b)  -> (artifact id: '9a7be813b0614a3d8cf3be6270ff185c') in 0.008597 seconds 
  Import took 0.011241 seconds .

========================================================================
Received Import Request.
  Time since last request: 6.378453 seconds.
  path: Assets/Scripts
  artifactKey: Guid(317440018ab19684bb4e5562602a9659) Importer(815301076,1909f56bfc062723c751e8b465ee728b)
Start importing Assets/Scripts using Guid(317440018ab19684bb4e5562602a9659) Importer(815301076,1909f56bfc062723c751e8b465ee728b)  -> (artifact id: '0ad2f4b95e23102efb8bac8ce280edab') in 0.010393 seconds 
  Import took 0.014150 seconds .

========================================================================
Received Import Request.
  Time since last request: 179.320329 seconds.
  path: Assets/Audio/track-1_0.mp3
  artifactKey: Guid(01a7fc38ac8ba0d4db1ffb83240e0607) Importer(815301076,1909f56bfc062723c751e8b465ee728b)
Start importing Assets/Audio/track-1_0.mp3 using Guid(01a7fc38ac8ba0d4db1ffb83240e0607) Importer(815301076,1909f56bfc062723c751e8b465ee728b)  -> (artifact id: '3d3ebf460b3d11b8feca694773593d98') in 0.113724 seconds 
  Import took 0.116617 seconds .

========================================================================
Received Import Request.
  Time since last request: 20.667019 seconds.
  path: Assets/Audio/boom4.wav
  artifactKey: Guid(c78b22173ce96b648ab5cab43346a22f) Importer(815301076,1909f56bfc062723c751e8b465ee728b)
Start importing Assets/Audio/boom4.wav using Guid(c78b22173ce96b648ab5cab43346a22f) Importer(815301076,1909f56bfc062723c751e8b465ee728b)  -> (artifact id: '7ebf90c51c9639ec168333b331bba425') in 0.025274 seconds 
  Import took 0.027991 seconds .

========================================================================
Received Import Request.
  Time since last request: 0.000260 seconds.
  path: Assets/Audio/laser_shooting_sfx.wav
  artifactKey: Guid(64a76abd6eeb5e14781d7966c8df8cd6) Importer(815301076,1909f56bfc062723c751e8b465ee728b)
Start importing Assets/Audio/laser_shooting_sfx.wav using Guid(64a76abd6eeb5e14781d7966c8df8cd6) Importer(815301076,1909f56bfc062723c751e8b465ee728b)  -> (artifact id: '751bf2ef020dae52f7ef319fdca98102') in 0.015373 seconds 
  Import took 0.017998 seconds .

========================================================================
Received Import Request.
  Time since last request: 351.836217 seconds.
  path: Assets/Textures/bluecargoship.png
  artifactKey: Guid(f3cac14bfb54d2546951d39c109cbfcb) Importer(815301076,1909f56bfc062723c751e8b465ee728b)
Start importing Assets/Textures/bluecargoship.png using Guid(f3cac14bfb54d2546951d39c109cbfcb) Importer(815301076,1909f56bfc062723c751e8b465ee728b)  -> (artifact id: 'e25ef1fd746a9baeff202327c89f8e1e') in 0.036798 seconds 
  Import took 0.039874 seconds .

========================================================================
Received Import Request.
  Time since last request: 0.000219 seconds.
  path: Assets/Textures/Spaceship-Drakir4.png
  artifactKey: Guid(404f236f76a29d344b765ae610028507) Importer(815301076,1909f56bfc062723c751e8b465ee728b)
Start importing Assets/Textures/Spaceship-Drakir4.png using Guid(404f236f76a29d344b765ae610028507) Importer(815301076,1909f56bfc062723c751e8b465ee728b)  -> (artifact id: '79221d8bdb712001ec3ea4fa601662c2') in 0.016715 seconds 
  Import took 0.019530 seconds .

========================================================================
Received Import Request.
  Time since last request: 0.000248 seconds.
  path: Assets/Textures/s채ure2_0.png
  artifactKey: Guid(f00542c9161f9494489c5c7ea9f09213) Importer(815301076,1909f56bfc062723c751e8b465ee728b)
Start importing Assets/Textures/s채ure2_0.png using Guid(f00542c9161f9494489c5c7ea9f09213) Importer(815301076,1909f56bfc062723c751e8b465ee728b)  -> (artifact id: '726f9e37cb73f5e18c604d06ead0aafb') in 0.014687 seconds 
  Import took 0.017109 seconds .

========================================================================
Received Import Request.
  Time since last request: 0.000264 seconds.
  path: Assets/Textures/Spaceship-Drakir5.png
  artifactKey: Guid(b18d18c53e29b444e99f587baa5720b7) Importer(815301076,1909f56bfc062723c751e8b465ee728b)
Start importing Assets/Textures/Spaceship-Drakir5.png using Guid(b18d18c53e29b444e99f587baa5720b7) Importer(815301076,1909f56bfc062723c751e8b465ee728b)  -> (artifact id: '8cd69e7be15e01c4c2270cd0a796ba12') in 0.015929 seconds 
  Import took 0.018422 seconds .

========================================================================
Received Import Request.
  Time since last request: 0.000211 seconds.
  path: Assets/Textures/Spaceship-Drakir7.png
  artifactKey: Guid(55a54162d0fe45f4fa5bd234f03fcec9) Importer(815301076,1909f56bfc062723c751e8b465ee728b)
Start importing Assets/Textures/Spaceship-Drakir7.png using Guid(55a54162d0fe45f4fa5bd234f03fcec9) Importer(815301076,1909f56bfc062723c751e8b465ee728b)  -> (artifact id: '66dc8c74d5bfcc14a34094344c46f06d') in 0.016535 seconds 
  Import took 0.018941 seconds .

========================================================================
Received Import Request.
  Time since last request: 0.000241 seconds.
  path: Assets/Textures/Spaceship-Drakir6.png
  artifactKey: Guid(ad971928583eb3c40a61eec1c3f9bc0c) Importer(815301076,1909f56bfc062723c751e8b465ee728b)
Start importing Assets/Textures/Spaceship-Drakir6.png using Guid(ad971928583eb3c40a61eec1c3f9bc0c) Importer(815301076,1909f56bfc062723c751e8b465ee728b)  -> (artifact id: '58c7c772d0b9ef4b7fd01e80ed43f1ef') in 0.020422 seconds 
  Import took 0.023758 seconds .

========================================================================
Received Import Request.
  Time since last request: 0.000329 seconds.
  path: Assets/Textures/seamless space_0.PNG
  artifactKey: Guid(0097487e27d53d34e92ab8887d7c5aee) Importer(815301076,1909f56bfc062723c751e8b465ee728b)
Start importing Assets/Textures/seamless space_0.PNG using Guid(0097487e27d53d34e92ab8887d7c5aee) Importer(815301076,1909f56bfc062723c751e8b465ee728b)  -> (artifact id: '71cc6705767eac29a5ea60248f7d05bb') in 0.022480 seconds 
  Import took 0.025302 seconds .

========================================================================
Received Import Request.
  Time since last request: 0.000281 seconds.
  path: Assets/Textures/Spaceship-Drakir1.png
  artifactKey: Guid(4a012b136e49ebe41a7785beaf3afb88) Importer(815301076,1909f56bfc062723c751e8b465ee728b)
Start importing Assets/Textures/Spaceship-Drakir1.png using Guid(4a012b136e49ebe41a7785beaf3afb88) Importer(815301076,1909f56bfc062723c751e8b465ee728b)  -> (artifact id: '1b125876714689db10f296e20b0a3cfa') in 0.018389 seconds 
  Import took 0.021132 seconds .

========================================================================
Received Import Request.
  Time since last request: 0.000207 seconds.
  path: Assets/Textures/Spaceship-Drakir3.png
  artifactKey: Guid(06903cf737a66f24ba8258b0ee62e42d) Importer(815301076,1909f56bfc062723c751e8b465ee728b)
Start importing Assets/Textures/Spaceship-Drakir3.png using Guid(06903cf737a66f24ba8258b0ee62e42d) Importer(815301076,1909f56bfc062723c751e8b465ee728b)  -> (artifact id: 'bc56f057959fb0c800646cb0cbc73b4f') in 0.012965 seconds 
  Import took 0.015573 seconds .

========================================================================
Received Import Request.
  Time since last request: 0.000249 seconds.
  path: Assets/Textures/Spaceship-Drakir2.png
  artifactKey: Guid(090ec5f616d869c42aa95dc4a27f0c20) Importer(815301076,1909f56bfc062723c751e8b465ee728b)
Start importing Assets/Textures/Spaceship-Drakir2.png using Guid(090ec5f616d869c42aa95dc4a27f0c20) Importer(815301076,1909f56bfc062723c751e8b465ee728b)  -> (artifact id: '55429f869454046058dc21f184303253') in 0.017746 seconds 
  Import took 0.021212 seconds .

========================================================================
Received Import Request.
  Time since last request: 0.005517 seconds.
  path: Assets/Textures/Spaceship-Drakir2.png
  artifactKey: Guid(090ec5f616d869c42aa95dc4a27f0c20) Importer(815301076,1909f56bfc062723c751e8b465ee728b)
Start importing Assets/Textures/Spaceship-Drakir2.png using Guid(090ec5f616d869c42aa95dc4a27f0c20) Importer(815301076,1909f56bfc062723c751e8b465ee728b)  -> (artifact id: '55429f869454046058dc21f184303253') in 0.016051 seconds 
  Import took 0.018995 seconds .

========================================================================
Received Import Request.
  Time since last request: 20.709404 seconds.
  path: Assets/Textures/Spaceship-Drakir3.png
  artifactKey: Guid(06903cf737a66f24ba8258b0ee62e42d) Importer(815301076,1909f56bfc062723c751e8b465ee728b)
Start importing Assets/Textures/Spaceship-Drakir3.png using Guid(06903cf737a66f24ba8258b0ee62e42d) Importer(815301076,1909f56bfc062723c751e8b465ee728b)  -> (artifact id: '7f5bc9415038582377f4789e5aff8e51') in 0.028398 seconds 
  Import took 0.031181 seconds .

========================================================================
Received Import Request.
  Time since last request: 0.000235 seconds.
  path: Assets/Textures/bluecargoship.png
  artifactKey: Guid(f3cac14bfb54d2546951d39c109cbfcb) Importer(815301076,1909f56bfc062723c751e8b465ee728b)
Start importing Assets/Textures/bluecargoship.png using Guid(f3cac14bfb54d2546951d39c109cbfcb) Importer(815301076,1909f56bfc062723c751e8b465ee728b)  -> (artifact id: '6cc3dab53cbce59e78b1d5b7a7a74b5b') in 0.022185 seconds 
  Import took 0.024882 seconds .

========================================================================
Received Import Request.
  Time since last request: 0.000277 seconds.
  path: Assets/Textures/Spaceship-Drakir4.png
  artifactKey: Guid(404f236f76a29d344b765ae610028507) Importer(815301076,1909f56bfc062723c751e8b465ee728b)
Start importing Assets/Textures/Spaceship-Drakir4.png using Guid(404f236f76a29d344b765ae610028507) Importer(815301076,1909f56bfc062723c751e8b465ee728b)  -> (artifact id: '040607be4be382692f6a40a65a7a9c00') in 0.019707 seconds 
  Import took 0.022636 seconds .

========================================================================
Received Import Request.
  Time since last request: 0.000240 seconds.
  path: Assets/Textures/s채ure2_0.png
  artifactKey: Guid(f00542c9161f9494489c5c7ea9f09213) Importer(815301076,1909f56bfc062723c751e8b465ee728b)
Start importing Assets/Textures/s채ure2_0.png using Guid(f00542c9161f9494489c5c7ea9f09213) Importer(815301076,1909f56bfc062723c751e8b465ee728b)  -> (artifact id: '0fd820e30e1d71a10b9509ece427cb08') in 0.016752 seconds 
  Import took 0.019156 seconds .

========================================================================
Received Import Request.
  Time since last request: 0.000222 seconds.
  path: Assets/Textures/Spaceship-Drakir5.png
  artifactKey: Guid(b18d18c53e29b444e99f587baa5720b7) Importer(815301076,1909f56bfc062723c751e8b465ee728b)
Start importing Assets/Textures/Spaceship-Drakir5.png using Guid(b18d18c53e29b444e99f587baa5720b7) Importer(815301076,1909f56bfc062723c751e8b465ee728b)  -> (artifact id: '30de0b8239c8bc88a1265cfaca6da389') in 0.014033 seconds 
  Import took 0.016639 seconds .

========================================================================
Received Import Request.
  Time since last request: 0.000284 seconds.
  path: Assets/Textures/Spaceship-Drakir7.png
  artifactKey: Guid(55a54162d0fe45f4fa5bd234f03fcec9) Importer(815301076,1909f56bfc062723c751e8b465ee728b)
Start importing Assets/Textures/Spaceship-Drakir7.png using Guid(55a54162d0fe45f4fa5bd234f03fcec9) Importer(815301076,1909f56bfc062723c751e8b465ee728b)  -> (artifact id: 'd9344abd3a045330947b37a3693d916d') in 0.018478 seconds 
  Import took 0.021256 seconds .

========================================================================
Received Import Request.
  Time since last request: 0.000244 seconds.
  path: Assets/Textures/Spaceship-Drakir6.png
  artifactKey: Guid(ad971928583eb3c40a61eec1c3f9bc0c) Importer(815301076,1909f56bfc062723c751e8b465ee728b)
Start importing Assets/Textures/Spaceship-Drakir6.png using Guid(ad971928583eb3c40a61eec1c3f9bc0c) Importer(815301076,1909f56bfc062723c751e8b465ee728b)  -> (artifact id: '88dc8202ce35e4dcac84dbc921aca79e') in 0.016933 seconds 
  Import took 0.019939 seconds .

========================================================================
Received Import Request.
  Time since last request: 0.000246 seconds.
  path: Assets/Textures/seamless space_0.PNG
  artifactKey: Guid(0097487e27d53d34e92ab8887d7c5aee) Importer(815301076,1909f56bfc062723c751e8b465ee728b)
Start importing Assets/Textures/seamless space_0.PNG using Guid(0097487e27d53d34e92ab8887d7c5aee) Importer(815301076,1909f56bfc062723c751e8b465ee728b)  -> (artifact id: 'e2f2f7dfa89e79551d6f56749f64426e') in 0.020188 seconds 
  Import took 0.023030 seconds .

========================================================================
Received Import Request.
  Time since last request: 0.000239 seconds.
  path: Assets/Textures/Spaceship-Drakir1.png
  artifactKey: Guid(4a012b136e49ebe41a7785beaf3afb88) Importer(815301076,1909f56bfc062723c751e8b465ee728b)
Start importing Assets/Textures/Spaceship-Drakir1.png using Guid(4a012b136e49ebe41a7785beaf3afb88) Importer(815301076,1909f56bfc062723c751e8b465ee728b)  -> (artifact id: 'd8c4701ab606067e4fb21af7ac498732') in 0.015447 seconds 
  Import took 0.018199 seconds .

========================================================================
Received Import Request.
  Time since last request: 0.000240 seconds.
  path: Assets/Textures/Spaceship-Drakir3.png
  artifactKey: Guid(06903cf737a66f24ba8258b0ee62e42d) Importer(815301076,1909f56bfc062723c751e8b465ee728b)
Start importing Assets/Textures/Spaceship-Drakir3.png using Guid(06903cf737a66f24ba8258b0ee62e42d) Importer(815301076,1909f56bfc062723c751e8b465ee728b)  -> (artifact id: '7f5bc9415038582377f4789e5aff8e51') in 0.014519 seconds 
  Import took 0.017555 seconds .

========================================================================
Received Import Request.
  Time since last request: 0.000211 seconds.
  path: Assets/Textures/Spaceship-Drakir2.png
  artifactKey: Guid(090ec5f616d869c42aa95dc4a27f0c20) Importer(815301076,1909f56bfc062723c751e8b465ee728b)
Start importing Assets/Textures/Spaceship-Drakir2.png using Guid(090ec5f616d869c42aa95dc4a27f0c20) Importer(815301076,1909f56bfc062723c751e8b465ee728b)  -> (artifact id: '0d668be79e9613e0ba8241c75383d3f1') in 0.014918 seconds 
  Import took 0.017341 seconds .

========================================================================
Received Import Request.
  Time since last request: 63.709149 seconds.
  path: Assets/Audio/track-1_0.mp3
  artifactKey: Guid(01a7fc38ac8ba0d4db1ffb83240e0607) Importer(815301076,1909f56bfc062723c751e8b465ee728b)
Start importing Assets/Audio/track-1_0.mp3 using Guid(01a7fc38ac8ba0d4db1ffb83240e0607) Importer(815301076,1909f56bfc062723c751e8b465ee728b)  -> (artifact id: '45d3715f94b2694c2b530634beebc8e3') in 0.015393 seconds 
  Import took 0.018164 seconds .

========================================================================
Received Prepare
Registering precompiled user dll's ...
Registered in 0.005916 seconds.
Begin MonoManager ReloadAssembly
Native extension for WindowsStandalone target not found
Refreshing native plugins compatible for Editor in 0.43 ms, found 2 plugins.
Preloading 0 native plugins for Editor in 0.00 ms.
Mono: successfully reloaded assembly
- Completed reload, in  1.287 seconds
Domain Reload Profiling:
	ReloadAssembly (1287ms)
		BeginReloadAssembly (146ms)
			ExecutionOrderSort (0ms)
			DisableScriptedObjects (6ms)
			BackupInstance (0ms)
			ReleaseScriptingObjects (0ms)
			CreateAndSetChildDomain (55ms)
		EndReloadAssembly (1046ms)
			LoadAssemblies (105ms)
			RebuildTransferFunctionScriptingTraits (0ms)
			SetupTypeCache (318ms)
			ReleaseScriptCaches (1ms)
			RebuildScriptCaches (42ms)
			SetupLoadedEditorAssemblies (456ms)
				LogAssemblyErrors (0ms)
				InitializePlatformSupportModulesInManaged (6ms)
				SetLoadedEditorAssemblies (1ms)
				RefreshPlugins (1ms)
				BeforeProcessingInitializeOnLoad (108ms)
				ProcessInitializeOnLoadAttributes (325ms)
				ProcessInitializeOnLoadMethodAttributes (5ms)
				AfterProcessingInitializeOnLoad (11ms)
				EditorAssembliesLoaded (0ms)
			ExecutionOrderSort2 (0ms)
			AwakeInstancesAfterBackupRestoration (8ms)
Platform modules already initialized, skipping
Refreshing native plugins compatible for Editor in 0.38 ms, found 2 plugins.
Preloading 0 native plugins for Editor in 0.00 ms.
Unloading 1391 Unused Serialized files (Serialized files now loaded: 0)
System memory in use before: 68.5 MB.
System memory in use after: 68.6 MB.

Unloading 14 unused Assets to reduce memory usage. Loaded Objects now: 1863.
Total: 2.485300 ms (FindLiveObjects: 0.206900 ms CreateObjectMapping: 0.037800 ms MarkObjects: 2.170000 ms  DeleteObjects: 0.069500 ms)

AssetImportParameters requested are different than current active one (requested -> active):
  custom:framework-win-MediaFoundation: 216162199b28c13a410421893ffa2e32 -> 
  custom:video-decoder-ogg-theora: a1e56fd34408186e4bbccfd4996cb3dc -> 
  custom:container-muxer-webm: aa71ff27fc2769a1b78a27578f13a17b -> 
  custom:container-demuxer-webm: 4f35f7cbe854078d1ac9338744f61a02 -> 
  custom:container-demuxer-ogg: 62fdf1f143b41e24485cea50d1cbac27 -> 
  custom:video-encoder-webm-vp8: eb34c28f22e8b96e1ab97ce403110664 -> 
  custom:video-decoder-webm-vp8: 9c59270c3fd7afecdb556c50c9e8de78 -> 
  custom:audio-decoder-ogg-vorbis: bf7c407c2cedff20999df2af8eb42d56 -> 
  custom:audio-encoder-webm-vorbis: bf7c407c2cedff20999df2af8eb42d56 -> 
========================================================================
Received Prepare
Registering precompiled user dll's ...
Registered in 0.005636 seconds.
Begin MonoManager ReloadAssembly
Native extension for WindowsStandalone target not found
Refreshing native plugins compatible for Editor in 0.56 ms, found 2 plugins.
Preloading 0 native plugins for Editor in 0.00 ms.
Mono: successfully reloaded assembly
- Completed reload, in  1.353 seconds
Domain Reload Profiling:
	ReloadAssembly (1354ms)
		BeginReloadAssembly (123ms)
			ExecutionOrderSort (0ms)
			DisableScriptedObjects (5ms)
			BackupInstance (0ms)
			ReleaseScriptingObjects (0ms)
			CreateAndSetChildDomain (37ms)
		EndReloadAssembly (1144ms)
			LoadAssemblies (104ms)
			RebuildTransferFunctionScriptingTraits (0ms)
			SetupTypeCache (397ms)
			ReleaseScriptCaches (1ms)
			RebuildScriptCaches (44ms)
			SetupLoadedEditorAssemblies (469ms)
				LogAssemblyErrors (0ms)
				InitializePlatformSupportModulesInManaged (6ms)
				SetLoadedEditorAssemblies (1ms)
				RefreshPlugins (1ms)
				BeforeProcessingInitializeOnLoad (105ms)
				ProcessInitializeOnLoadAttributes (341ms)
				ProcessInitializeOnLoadMethodAttributes (5ms)
				AfterProcessingInitializeOnLoad (11ms)
				EditorAssembliesLoaded (0ms)
			ExecutionOrderSort2 (0ms)
			AwakeInstancesAfterBackupRestoration (10ms)
Platform modules already initialized, skipping
Refreshing native plugins compatible for Editor in 0.45 ms, found 2 plugins.
Preloading 0 native plugins for Editor in 0.00 ms.
Unloading 1392 Unused Serialized files (Serialized files now loaded: 0)
System memory in use before: 68.5 MB.
System memory in use after: 68.6 MB.

Unloading 14 unused Assets to reduce memory usage. Loaded Objects now: 1867.
Total: 2.548500 ms (FindLiveObjects: 0.198900 ms CreateObjectMapping: 0.040500 ms MarkObjects: 2.239200 ms  DeleteObjects: 0.068200 ms)

AssetImportParameters requested are different than current active one (requested -> active):
  custom:framework-win-MediaFoundation: 216162199b28c13a410421893ffa2e32 -> 
  custom:video-decoder-ogg-theora: a1e56fd34408186e4bbccfd4996cb3dc -> 
  custom:container-muxer-webm: aa71ff27fc2769a1b78a27578f13a17b -> 
  custom:container-demuxer-webm: 4f35f7cbe854078d1ac9338744f61a02 -> 
  custom:container-demuxer-ogg: 62fdf1f143b41e24485cea50d1cbac27 -> 
  custom:video-encoder-webm-vp8: eb34c28f22e8b96e1ab97ce403110664 -> 
  custom:video-decoder-webm-vp8: 9c59270c3fd7afecdb556c50c9e8de78 -> 
  custom:audio-decoder-ogg-vorbis: bf7c407c2cedff20999df2af8eb42d56 -> 
  custom:audio-encoder-webm-vorbis: bf7c407c2cedff20999df2af8eb42d56 -> 
========================================================================
Received Import Request.
  Time since last request: 4474.625152 seconds.
  path: Assets/Scripts/PlayerController.cs
  artifactKey: Guid(4c3c91120d8b22948889fce99bca9fe8) Importer(815301076,1909f56bfc062723c751e8b465ee728b)
Start importing Assets/Scripts/PlayerController.cs using Guid(4c3c91120d8b22948889fce99bca9fe8) Importer(815301076,1909f56bfc062723c751e8b465ee728b)  -> (artifact id: '2fee199a18fe9d3c20a557f4f695c698') in 0.014182 seconds 
  Import took 0.017439 seconds .

========================================================================
Received Prepare
Registering precompiled user dll's ...
Registered in 0.027310 seconds.
Begin MonoManager ReloadAssembly
Native extension for WindowsStandalone target not found
Refreshing native plugins compatible for Editor in 2.01 ms, found 2 plugins.
Preloading 0 native plugins for Editor in 0.00 ms.
Mono: successfully reloaded assembly
- Completed reload, in  2.241 seconds
Domain Reload Profiling:
	ReloadAssembly (2241ms)
		BeginReloadAssembly (274ms)
			ExecutionOrderSort (0ms)
			DisableScriptedObjects (14ms)
			BackupInstance (0ms)
			ReleaseScriptingObjects (0ms)
			CreateAndSetChildDomain (124ms)
		EndReloadAssembly (1835ms)
			LoadAssemblies (220ms)
			RebuildTransferFunctionScriptingTraits (0ms)
			SetupTypeCache (657ms)
			ReleaseScriptCaches (1ms)
			RebuildScriptCaches (71ms)
			SetupLoadedEditorAssemblies (712ms)
				LogAssemblyErrors (0ms)
				InitializePlatformSupportModulesInManaged (20ms)
				SetLoadedEditorAssemblies (2ms)
				RefreshPlugins (2ms)
				BeforeProcessingInitializeOnLoad (180ms)
				ProcessInitializeOnLoadAttributes (488ms)
				ProcessInitializeOnLoadMethodAttributes (7ms)
				AfterProcessingInitializeOnLoad (12ms)
				EditorAssembliesLoaded (0ms)
			ExecutionOrderSort2 (0ms)
			AwakeInstancesAfterBackupRestoration (8ms)
Platform modules already initialized, skipping
Refreshing native plugins compatible for Editor in 0.49 ms, found 2 plugins.
Preloading 0 native plugins for Editor in 0.00 ms.
Unloading 1392 Unused Serialized files (Serialized files now loaded: 0)
System memory in use before: 68.6 MB.
System memory in use after: 68.6 MB.

Unloading 14 unused Assets to reduce memory usage. Loaded Objects now: 1870.
Total: 4.205100 ms (FindLiveObjects: 0.241900 ms CreateObjectMapping: 0.042500 ms MarkObjects: 3.814100 ms  DeleteObjects: 0.104700 ms)

AssetImportParameters requested are different than current active one (requested -> active):
  custom:framework-win-MediaFoundation: 216162199b28c13a410421893ffa2e32 -> 
  custom:video-decoder-ogg-theora: a1e56fd34408186e4bbccfd4996cb3dc -> 
  custom:container-muxer-webm: aa71ff27fc2769a1b78a27578f13a17b -> 
  custom:container-demuxer-webm: 4f35f7cbe854078d1ac9338744f61a02 -> 
  custom:container-demuxer-ogg: 62fdf1f143b41e24485cea50d1cbac27 -> 
  custom:video-encoder-webm-vp8: eb34c28f22e8b96e1ab97ce403110664 -> 
  custom:video-decoder-webm-vp8: 9c59270c3fd7afecdb556c50c9e8de78 -> 
  custom:audio-decoder-ogg-vorbis: bf7c407c2cedff20999df2af8eb42d56 -> 
  custom:audio-encoder-webm-vorbis: bf7c407c2cedff20999df2af8eb42d56 -> 
========================================================================
Received Prepare
Registering precompiled user dll's ...
Registered in 0.005605 seconds.
Begin MonoManager ReloadAssembly
Native extension for WindowsStandalone target not found
Refreshing native plugins compatible for Editor in 0.40 ms, found 2 plugins.
Preloading 0 native plugins for Editor in 0.00 ms.
Mono: successfully reloaded assembly
- Completed reload, in  1.295 seconds
Domain Reload Profiling:
	ReloadAssembly (1296ms)
		BeginReloadAssembly (144ms)
			ExecutionOrderSort (0ms)
			DisableScriptedObjects (8ms)
			BackupInstance (0ms)
			ReleaseScriptingObjects (0ms)
			CreateAndSetChildDomain (50ms)
		EndReloadAssembly (1057ms)
			LoadAssemblies (107ms)
			RebuildTransferFunctionScriptingTraits (0ms)
			SetupTypeCache (320ms)
			ReleaseScriptCaches (1ms)
			RebuildScriptCaches (42ms)
			SetupLoadedEditorAssemblies (467ms)
				LogAssemblyErrors (0ms)
				InitializePlatformSupportModulesInManaged (6ms)
				SetLoadedEditorAssemblies (1ms)
				RefreshPlugins (0ms)
				BeforeProcessingInitializeOnLoad (111ms)
				ProcessInitializeOnLoadAttributes (331ms)
				ProcessInitializeOnLoadMethodAttributes (6ms)
				AfterProcessingInitializeOnLoad (11ms)
				EditorAssembliesLoaded (0ms)
			ExecutionOrderSort2 (0ms)
			AwakeInstancesAfterBackupRestoration (8ms)
Platform modules already initialized, skipping
Refreshing native plugins compatible for Editor in 0.38 ms, found 2 plugins.
Preloading 0 native plugins for Editor in 0.00 ms.
Unloading 1392 Unused Serialized files (Serialized files now loaded: 0)
System memory in use before: 68.6 MB.
System memory in use after: 68.6 MB.

Unloading 14 unused Assets to reduce memory usage. Loaded Objects now: 1873.
Total: 2.488800 ms (FindLiveObjects: 0.174700 ms CreateObjectMapping: 0.038300 ms MarkObjects: 2.214000 ms  DeleteObjects: 0.060600 ms)

AssetImportParameters requested are different than current active one (requested -> active):
  custom:framework-win-MediaFoundation: 216162199b28c13a410421893ffa2e32 -> 
  custom:video-decoder-ogg-theora: a1e56fd34408186e4bbccfd4996cb3dc -> 
  custom:container-muxer-webm: aa71ff27fc2769a1b78a27578f13a17b -> 
  custom:container-demuxer-webm: 4f35f7cbe854078d1ac9338744f61a02 -> 
  custom:container-demuxer-ogg: 62fdf1f143b41e24485cea50d1cbac27 -> 
  custom:video-encoder-webm-vp8: eb34c28f22e8b96e1ab97ce403110664 -> 
  custom:video-decoder-webm-vp8: 9c59270c3fd7afecdb556c50c9e8de78 -> 
  custom:audio-decoder-ogg-vorbis: bf7c407c2cedff20999df2af8eb42d56 -> 
  custom:audio-encoder-webm-vorbis: bf7c407c2cedff20999df2af8eb42d56 -> 
========================================================================
Received Prepare
Registering precompiled user dll's ...
Registered in 0.005694 seconds.
Begin MonoManager ReloadAssembly
Native extension for WindowsStandalone target not found
Refreshing native plugins compatible for Editor in 0.38 ms, found 2 plugins.
Preloading 0 native plugins for Editor in 0.00 ms.
Mono: successfully reloaded assembly
- Completed reload, in  1.221 seconds
Domain Reload Profiling:
	ReloadAssembly (1221ms)
		BeginReloadAssembly (122ms)
			ExecutionOrderSort (0ms)
			DisableScriptedObjects (7ms)
			BackupInstance (0ms)
			ReleaseScriptingObjects (0ms)
			CreateAndSetChildDomain (34ms)
		EndReloadAssembly (1015ms)
			LoadAssemblies (105ms)
			RebuildTransferFunctionScriptingTraits (0ms)
			SetupTypeCache (310ms)
			ReleaseScriptCaches (1ms)
			RebuildScriptCaches (42ms)
			SetupLoadedEditorAssemblies (440ms)
				LogAssemblyErrors (0ms)
				InitializePlatformSupportModulesInManaged (6ms)
				SetLoadedEditorAssemblies (1ms)
				RefreshPlugins (0ms)
				BeforeProcessingInitializeOnLoad (98ms)
				ProcessInitializeOnLoadAttributes (319ms)
				ProcessInitializeOnLoadMethodAttributes (5ms)
				AfterProcessingInitializeOnLoad (10ms)
				EditorAssembliesLoaded (0ms)
			ExecutionOrderSort2 (0ms)
			AwakeInstancesAfterBackupRestoration (8ms)
Platform modules already initialized, skipping
Refreshing native plugins compatible for Editor in 0.59 ms, found 2 plugins.
Preloading 0 native plugins for Editor in 0.00 ms.
Unloading 1392 Unused Serialized files (Serialized files now loaded: 0)
System memory in use before: 68.6 MB.
System memory in use after: 68.7 MB.

Unloading 14 unused Assets to reduce memory usage. Loaded Objects now: 1876.
Total: 2.648000 ms (FindLiveObjects: 0.204300 ms CreateObjectMapping: 0.039900 ms MarkObjects: 2.327500 ms  DeleteObjects: 0.074700 ms)

AssetImportParameters requested are different than current active one (requested -> active):
  custom:framework-win-MediaFoundation: 216162199b28c13a410421893ffa2e32 -> 
  custom:video-decoder-ogg-theora: a1e56fd34408186e4bbccfd4996cb3dc -> 
  custom:container-muxer-webm: aa71ff27fc2769a1b78a27578f13a17b -> 
  custom:container-demuxer-webm: 4f35f7cbe854078d1ac9338744f61a02 -> 
  custom:container-demuxer-ogg: 62fdf1f143b41e24485cea50d1cbac27 -> 
  custom:video-encoder-webm-vp8: eb34c28f22e8b96e1ab97ce403110664 -> 
  custom:video-decoder-webm-vp8: 9c59270c3fd7afecdb556c50c9e8de78 -> 
  custom:audio-decoder-ogg-vorbis: bf7c407c2cedff20999df2af8eb42d56 -> 
  custom:audio-encoder-webm-vorbis: bf7c407c2cedff20999df2af8eb42d56 -> 
